LogTrace Warning: 0 :     [2017年3月30日13:53:02]: 串口接收进程::正在中止线程。
LogTrace Warning: 0 :     [2017年3月30日13:53:53]: 串口接收进程::正在中止线程。
LogTrace Warning: 0 :     [2017年3月30日13:56:48]: 串口接收进程::正在中止线程。
LogTrace Warning: 0 :     [2017年3月30日14:13:53]: 串口接收进程::正在中止线程。
LogTrace Warning: 0 :     [2017年3月30日14:20:04]: 串口接收进程::正在中止线程。
LogTrace Warning: 0 :     [2017年3月30日14:21:57]: 串口接收进程::正在中止线程。
LogTrace Warning: 0 :     [2017年3月30日14:28:16]: 串口接收进程::正在中止线程。
LogTrace Warning: 0 :     [2017年3月30日14:49:31]: 串口接收进程::正在中止线程。
LogTrace Warning: 0 :     [2017年3月30日18:26:33]: 串口接收进程::正在中止线程。
LogTrace Warning: 0 :     [2017年3月31日9:51:04]: 串口接收进程::正在中止线程。
LogTrace Warning: 0 :     [2017年3月31日11:15:59]: 串口接收进程::正在中止线程。
LogTrace Warning: 0 :     [2017年3月31日11:17:12]: 串口接收进程::正在中止线程。
LogTrace Warning: 0 :     [2017年3月31日11:24:38]: 串口接收进程::正在中止线程。
LogTrace Warning: 0 :     [2017年3月31日11:31:18]: 串口接收进程::正在中止线程。
LogTrace Warning: 0 :     [2017年3月31日11:32:22]: 串口接收进程::正在中止线程。
LogTrace Warning: 0 :     [2017年3月31日11:46:05]: 串口接收进程::正在中止线程。
LogTrace Warning: 0 :     [2017年3月31日13:55:40]: 串口接收进程::正在中止线程。
LogTrace Warning: 0 :     [2017年3月31日13:58:12]: 串口接收进程::正在中止线程。
LogTrace Warning: 0 :     [2017年3月31日14:00:06]: 串口接收进程::正在中止线程。
LogTrace Warning: 0 :     [2017年3月31日14:01:06]: 串口接收进程::正在中止线程。
LogTrace Warning: 0 :     [2017年3月31日14:02:08]: 串口接收进程::正在中止线程。
LogTrace Warning: 0 :     [2017年3月31日14:04:39]: 串口接收进程::正在中止线程。
LogTrace Warning: 0 :     [2017年3月31日14:06:45]: 串口接收进程::正在中止线程。
LogTrace Warning: 0 :     [2017年3月31日14:11:57]: 串口接收进程::正在中止线程。
LogTrace Warning: 0 :     [2017年3月31日14:31:22]: 串口接收进程::正在中止线程。
LogTrace Warning: 0 :     [2017年3月31日14:37:01]: 串口接收进程::正在中止线程。
LogTrace Warning: 0 :     [2017年3月31日14:41:44]: 串口接收进程::正在中止线程。
LogTrace Warning: 0 :     [2017年3月31日14:43:02]: 串口接收进程::正在中止线程。
LogTrace Warning: 0 :     [2017年3月31日14:49:37]: 串口接收进程::正在中止线程。
LogTrace Warning: 0 :     [2017年3月31日15:47:11]: 串口接收进程::正在中止线程。
LogTrace Warning: 0 :     [2017年3月31日15:48:26]: 串口接收进程::正在中止线程。
LogTrace Warning: 0 :     [2017年3月31日18:37:24]: 串口接收进程::正在中止线程。
LogTrace Warning: 0 :     [2017年3月31日19:57:38]: 串口接收进程::正在中止线程。
LogTrace Warning: 0 :     [2017年3月31日20:05:34]: 串口接收进程::正在中止线程。
LogTrace Warning: 0 :     [2017年3月31日20:10:16]: 串口接收进程::正在中止线程。
LogTrace Warning: 0 :     [2017年3月31日20:14:57]: 串口接收进程::正在中止线程。
LogTrace Warning: 0 :     [2017年4月1日17:49:18]: 串口接收进程::正在中止线程。
LogTrace Warning: 0 :     [2017年4月3日12:00:22]: 串口接收进程::正在中止线程。
LogTrace Warning: 0 :     [2017年4月3日16:28:00]: 串口接收进程::正在中止线程。
LogTrace Warning: 0 :     [2017年4月3日17:08:27]: 串口接收进程::正在中止线程。
LogTrace Warning: 0 :     [2017年4月4日17:26:57]: 串口接收进程::正在中止线程。
LogTrace Warning: 0 :     [2017年4月5日13:25:41]: 串口接收进程::正在中止线程。
LogTrace Warning: 0 :     [2017年4月6日15:35:56]: 串口接收进程::正在中止线程。
LogTrace Warning: 0 :     [2017年4月6日17:03:19]: 串口接收进程::正在中止线程。
LogTrace Warning: 0 :     [2017年4月7日14:51:31]: 串口接收进程::正在中止线程。
LogTrace Warning: 0 :     [2017年4月7日15:47:29]: 接收超时，移除第一个重新开始判断。
LogTrace Warning: 0 :     [2017年4月7日15:48:36]: 接收CRC校验不正确，移除第一个重新判断。
LogTrace Warning: 0 :     [2017年4月7日15:50:57]: 接收CRC校验不正确，移除第一个重新判断。
LogTrace Warning: 0 :     [2017年4月7日15:50:57]: 接收CRC校验不正确，移除第一个重新判断。
LogTrace Warning: 0 :     [2017年4月7日15:50:58]: 接收CRC校验不正确，移除第一个重新判断。
LogTrace Warning: 0 :     [2017年4月7日15:51:06]: 接收CRC校验不正确，移除第一个重新判断。
LogTrace Warning: 0 :     [2017年4月7日15:51:09]: 接收CRC校验不正确，移除第一个重新判断。
LogTrace Warning: 0 :     [2017年4月7日15:51:10]: 接收CRC校验不正确，移除第一个重新判断。
LogTrace Warning: 0 :     [2017年4月7日15:51:10]: 接收CRC校验不正确，移除第一个重新判断。
LogTrace Warning: 0 :     [2017年4月7日15:51:11]: 接收CRC校验不正确，移除第一个重新判断。
LogTrace Warning: 0 :     [2017年4月7日15:51:11]: 接收CRC校验不正确，移除第一个重新判断。
LogTrace Warning: 0 :     [2017年4月7日15:51:12]: 接收CRC校验不正确，移除第一个重新判断。
LogTrace Warning: 0 :     [2017年4月7日15:51:12]: 接收CRC校验不正确，移除第一个重新判断。
LogTrace Warning: 0 :     [2017年4月7日15:51:13]: 接收CRC校验不正确，移除第一个重新判断。
LogTrace Warning: 0 :     [2017年4月7日15:51:13]: 接收CRC校验不正确，移除第一个重新判断。
LogTrace Warning: 0 :     [2017年4月7日15:51:14]: 接收CRC校验不正确，移除第一个重新判断。
LogTrace Warning: 0 :     [2017年4月7日15:51:14]: 接收CRC校验不正确，高8bit，移除第一个重新判断。
LogTrace Warning: 0 :     [2017年4月7日15:51:15]: 接收CRC校验不正确，移除第一个重新判断。
LogTrace Warning: 0 :     [2017年4月7日15:51:15]: 接收CRC校验不正确，移除第一个重新判断。
LogTrace Warning: 0 :     [2017年4月7日15:51:16]: 接收CRC校验不正确，高8bit，移除第一个重新判断。
LogTrace Warning: 0 :     [2017年4月7日15:51:16]: 接收CRC校验不正确，移除第一个重新判断。
LogTrace Warning: 0 :     [2017年4月7日17:50:36]: 串口接收进程::正在中止线程。
LogTrace Warning: 0 :     [2017年4月8日10:40:14]: 串口接收进程::正在中止线程。
LogTrace Warning: 0 :     [2017年4月8日10:49:49]: 串口接收进程::正在中止线程。
LogTrace Warning: 0 :     [2017年4月8日11:05:28]: 串口接收进程::正在中止线程。
LogTrace Error: 0 :       [2017年4月8日14:10:30]: 串口接收进程::reciveData[1] != 0xAA
LogTrace Error: 0 :       [2017年4月8日14:17:20]: 串口接收进程::reciveData[1] != 0xAA
LogTrace Error: 0 :       [2017年4月8日14:21:04]: 串口接收进程::不是应答ID|0x80
LogTrace Error: 0 :       [2017年4月8日14:23:34]: 串口接收进程::值不能为 null。
参数名: enumType
LogTrace Error: 0 :       [2017年4月8日14:28:32]: 串口接收进程::未将对象引用设置到对象的实例。
LogTrace Warning: 0 :     [2017年4月8日14:31:24]: 串口接收进程::正在中止线程。
LogTrace Error: 0 :       [2017年4月8日14:37:47]: 串口接收进程::data.Length < end
LogTrace Warning: 0 :     [2017年4月8日15:13:22]: 串口接收进程::正在中止线程。
LogTrace Warning: 0 :     [2017年4月8日16:04:59]: 串口接收进程::正在中止线程。
LogTrace Warning: 0 :     [2017年4月8日16:30:09]: 串口接收进程::正在中止线程。
LogTrace Warning: 0 :     [2017年4月8日17:09:15]: 串口接收进程::正在中止线程。
LogTrace Warning: 0 :     [2017年4月8日17:19:43]: 串口接收进程::正在中止线程。
LogTrace Warning: 0 :     [2017年4月8日17:47:22]: 串口接收进程::正在中止线程。
LogTrace Warning: 0 :     [2017年4月8日17:56:22]: 串口接收进程::正在中止线程。
LogTrace Warning: 0 :     [2017年4月8日18:10:15]: 串口接收进程::正在中止线程。
LogTrace Warning: 0 :     [2017年4月8日18:33:23]: 串口接收进程::正在中止线程。
LogTrace Warning: 0 :     [2017年4月8日19:35:25]: 串口接收进程::正在中止线程。
LogTrace Warning: 0 :     [2017年4月8日20:27:31]: 串口接收进程::正在中止线程。
LogTrace Warning: 0 :     [2017年4月8日20:42:43]: 串口接收进程::正在中止线程。
LogTrace Warning: 0 :     [2017年4月8日20:53:38]: 串口接收进程::正在中止线程。
LogTrace Warning: 0 :     [2017年4月9日9:12:39]: 串口接收进程::正在中止线程。
LogTrace Warning: 0 :     [2017年4月9日9:53:41]: 串口接收进程::正在中止线程。
LogTrace Warning: 0 :     [2017年4月9日9:56:24]: 串口接收进程::正在中止线程。
LogTrace Warning: 0 :     [2017年4月9日10:08:21]: 串口接收进程::正在中止线程。
LogTrace Warning: 0 :     [2017年4月9日10:13:34]: 串口接收进程::正在中止线程。
LogTrace Warning: 0 :     [2017年4月9日10:16:17]: 串口接收进程::正在中止线程。
LogTrace Warning: 0 :     [2017年4月9日10:22:57]: 串口接收进程::正在中止线程。
LogTrace Warning: 0 :     [2017年4月9日10:37:56]: 串口接收进程::正在中止线程。
LogTrace Warning: 0 :     [2017年4月9日10:38:56]: 接收超时，移除第一个重新开始判断。
LogTrace Warning: 0 :     [2017年4月9日10:39:29]: 接收超时，移除第一个重新开始判断。
LogTrace Warning: 0 :     [2017年4月9日14:08:36]: 接收CRC校验不正确，移除第一个重新判断。
LogTrace Warning: 0 :     [2017年4月9日14:28:29]: 接收CRC校验不正确，移除第一个重新判断。
LogTrace Warning: 0 :     [2017年4月9日14:28:29]: 接收超时，移除第一个重新开始判断。
LogTrace Warning: 0 :     [2017年4月9日14:34:59]: 接收CRC校验不正确，移除第一个重新判断。
LogTrace Warning: 0 :     [2017年4月9日14:34:59]: 接收超时，移除第一个重新开始判断。
LogTrace Warning: 0 :     [2017年4月9日14:35:04]: 接收CRC校验不正确，移除第一个重新判断。
LogTrace Warning: 0 :     [2017年4月9日14:35:04]: 接收超时，移除第一个重新开始判断。
LogTrace Warning: 0 :     [2017年4月9日14:35:31]: 接收CRC校验不正确，移除第一个重新判断。
LogTrace Warning: 0 :     [2017年4月9日14:38:39]: 接收CRC校验不正确，移除第一个重新判断。
LogTrace Warning: 0 :     [2017年4月9日14:38:47]: 接收CRC校验不正确，移除第一个重新判断。
LogTrace Warning: 0 :     [2017年4月9日14:38:47]: 接收超时，移除第一个重新开始判断。
LogTrace Warning: 0 :     [2017年4月9日14:45:25]: 接收CRC校验不正确，移除第一个重新判断。
LogTrace Warning: 0 :     [2017年4月9日14:45:25]: 接收超时，移除第一个重新开始判断。
LogTrace Warning: 0 :     [2017年4月9日15:30:59]: 串口接收进程::正在中止线程。
LogTrace Warning: 0 :     [2017年4月9日15:45:24]: 接收超时，移除第一个重新开始判断。
LogTrace Warning: 0 :     [2017年4月9日15:45:50]: 接收超时，移除第一个重新开始判断。
LogTrace Warning: 0 :     [2017年4月9日15:46:21]: 接收超时，移除第一个重新开始判断。
LogTrace Warning: 0 :     [2017年4月9日15:50:14]: 接收超时，移除第一个重新开始判断。
LogTrace Warning: 0 :     [2017年4月9日15:59:29]: 接收CRC校验不正确，移除第一个重新判断。
LogTrace Warning: 0 :     [2017年4月9日15:59:32]: 接收超时，移除第一个重新开始判断。
LogTrace Warning: 0 :     [2017年4月9日16:00:53]: 接收超时，移除第一个重新开始判断。
LogTrace Warning: 0 :     [2017年4月9日16:03:14]: 接收超时，移除第一个重新开始判断。
LogTrace Warning: 0 :     [2017年4月10日13:41:11]: 接收超时，移除第一个重新开始判断。
LogTrace Warning: 0 :     [2017年4月10日13:41:24]: 接收CRC校验不正确，移除第一个重新判断。
LogTrace Warning: 0 :     [2017年4月10日13:41:27]: 接收超时，移除第一个重新开始判断。
LogTrace Warning: 0 :     [2017年4月10日14:44:24]: 串口接收进程::正在中止线程。
LogTrace Warning: 0 :     [2017年4月11日13:05:56]: 串口接收进程::正在中止线程。
LogTrace Warning: 0 :     [2017年4月19日15:52:53]: 串口接收进程::正在中止线程。
LogTrace Warning: 0 :     [2017年4月24日21:17:07]: 串口接收进程::正在中止线程。
LogTrace Warning: 0 :     [2017年4月25日9:59:13]: 接收超时，移除第一个重新开始判断。
LogTrace Warning: 0 :     [2017年4月25日13:25:56]: 串口接收进程::正在中止线程。
LogTrace Warning: 0 :     [2017年4月25日13:30:47]: 接收CRC校验不正确，高8bit，移除第一个重新判断。
LogTrace Warning: 0 :     [2017年4月25日20:10:01]: 接收CRC校验不正确，移除第一个重新判断。
LogTrace Warning: 0 :     [2017年4月25日20:10:05]: 接收CRC校验不正确，移除第一个重新判断。
LogTrace Warning: 0 :     [2017年4月25日20:10:06]: 接收CRC校验不正确，移除第一个重新判断。
LogTrace Warning: 0 :     [2017年4月25日20:10:06]: 接收CRC校验不正确，移除第一个重新判断。
LogTrace Warning: 0 :     [2017年4月25日20:10:07]: 接收CRC校验不正确，移除第一个重新判断。
LogTrace Warning: 0 :     [2017年4月25日20:10:08]: 接收CRC校验不正确，高8bit，移除第一个重新判断。
LogTrace Warning: 0 :     [2017年4月25日20:10:10]: 接收CRC校验不正确，移除第一个重新判断。
LogTrace Warning: 0 :     [2017年4月25日20:10:10]: 接收CRC校验不正确，移除第一个重新判断。
LogTrace Warning: 0 :     [2017年4月25日20:10:11]: 接收CRC校验不正确，移除第一个重新判断。
LogTrace Warning: 0 :     [2017年4月25日20:10:11]: 接收CRC校验不正确，移除第一个重新判断。
LogTrace Warning: 0 :     [2017年4月25日20:10:12]: 接收CRC校验不正确，移除第一个重新判断。
LogTrace Warning: 0 :     [2017年4月25日20:10:13]: 接收CRC校验不正确，移除第一个重新判断。
LogTrace Warning: 0 :     [2017年4月25日20:10:14]: 接收CRC校验不正确，高8bit，移除第一个重新判断。
LogTrace Warning: 0 :     [2017年4月25日20:10:14]: 接收CRC校验不正确，移除第一个重新判断。
LogTrace Warning: 0 :     [2017年4月25日20:10:14]: 接收CRC校验不正确，移除第一个重新判断。
LogTrace Warning: 0 :     [2017年4月25日20:10:15]: 接收CRC校验不正确，移除第一个重新判断。
LogTrace Warning: 0 :     [2017年4月25日20:10:15]: 接收CRC校验不正确，高8bit，移除第一个重新判断。
LogTrace Warning: 0 :     [2017年4月25日20:10:16]: 接收CRC校验不正确，移除第一个重新判断。
LogTrace Warning: 0 :     [2017年4月25日20:10:16]: 接收CRC校验不正确，高8bit，移除第一个重新判断。
LogTrace Warning: 0 :     [2017年4月25日20:10:17]: 接收CRC校验不正确，移除第一个重新判断。
LogTrace Warning: 0 :     [2017年4月25日20:10:17]: 接收CRC校验不正确，移除第一个重新判断。
LogTrace Warning: 0 :     [2017年4月25日20:10:18]: 接收CRC校验不正确，移除第一个重新判断。
LogTrace Warning: 0 :     [2017年4月25日20:10:18]: 接收CRC校验不正确，移除第一个重新判断。
LogTrace Warning: 0 :     [2017年4月25日20:10:19]: 接收CRC校验不正确，移除第一个重新判断。
LogTrace Warning: 0 :     [2017年4月25日20:10:20]: 接收CRC校验不正确，移除第一个重新判断。
LogTrace Warning: 0 :     [2017年4月25日20:10:47]: 串口接收进程::正在中止线程。
