LogTrace Warning: 0 :     [2017年6月25日16:15:29]: 串口接收进程::正在中止线程。
LogTrace Warning: 0 :     [2017年6月25日16:15:29]: DeviceNet::正在中止线程。
LogTrace Warning: 0 :     [2017年6月25日16:58:40]: 串口接收进程::正在中止线程。
LogTrace Warning: 0 :     [2017年6月25日16:58:40]: DeviceNet::正在中止线程。
LogTrace Warning: 0 :     [2017年6月26日14:32:57]: 串口接收进程::正在中止线程。
LogTrace Warning: 0 :     [2017年6月26日14:32:57]: DeviceNet::正在中止线程。
LogTrace Warning: 0 :     [2017年6月26日15:22:48]: 串口接收进程::正在中止线程。
LogTrace Warning: 0 :     [2017年6月26日15:22:48]: DeviceNet::正在中止线程。
LogTrace Warning: 0 :     [2017年6月26日15:44:31]: 串口接收进程::正在中止线程。
LogTrace Warning: 0 :     [2017年6月26日15:44:31]: DeviceNet::正在中止线程。
LogTrace Warning: 0 :     [2017年6月26日15:54:17]: 串口接收进程::正在中止线程。
LogTrace Warning: 0 :     [2017年6月26日15:54:17]: DeviceNet::正在中止线程。
LogTrace Warning: 0 :     [2017年6月26日15:55:40]: 串口接收进程::正在中止线程。
LogTrace Warning: 0 :     [2017年6月26日15:55:40]: DeviceNet::正在中止线程。
LogTrace Warning: 0 :     [2017年6月26日15:59:56]: 串口接收进程::正在中止线程。
LogTrace Warning: 0 :     [2017年6月26日15:59:56]: DeviceNet::正在中止线程。
LogTrace Warning: 0 :     [2017年6月26日16:01:55]: 串口接收进程::正在中止线程。
LogTrace Warning: 0 :     [2017年6月26日16:01:55]: DeviceNet::正在中止线程。
LogTrace Warning: 0 :     [2017年6月26日16:02:13]: 串口接收进程::正在中止线程。
LogTrace Warning: 0 :     [2017年6月26日16:02:13]: DeviceNet::正在中止线程。
LogTrace Warning: 0 :     [2017年6月26日16:04:49]: 串口接收进程::正在中止线程。
LogTrace Warning: 0 :     [2017年6月26日16:04:49]: DeviceNet::正在中止线程。
LogTrace Warning: 0 :     [2017年6月26日16:06:15]: 串口接收进程::正在中止线程。
LogTrace Warning: 0 :     [2017年6月26日16:06:15]: DeviceNet::正在中止线程。
LogTrace Warning: 0 :     [2017年6月26日16:06:45]: 串口接收进程::正在中止线程。
LogTrace Warning: 0 :     [2017年6月26日16:06:45]: DeviceNet::正在中止线程。
LogTrace Warning: 0 :     [2017年6月26日16:07:03]: 串口接收进程::正在中止线程。
LogTrace Warning: 0 :     [2017年6月26日16:07:03]: DeviceNet::正在中止线程。
LogTrace Warning: 0 :     [2017年6月26日16:07:33]: 串口接收进程::正在中止线程。
LogTrace Warning: 0 :     [2017年6月26日16:07:33]: DeviceNet::正在中止线程。
LogTrace Warning: 0 :     [2017年6月26日16:08:04]: 串口接收进程::正在中止线程。
LogTrace Warning: 0 :     [2017年6月26日16:08:04]: DeviceNet::正在中止线程。
LogTrace Warning: 0 :     [2017年6月26日16:52:32]: 串口接收进程::正在中止线程。
LogTrace Warning: 0 :     [2017年6月26日16:52:32]: DeviceNet::正在中止线程。
LogTrace Warning: 0 :     [2017年6月26日16:53:52]: 串口接收进程::正在中止线程。
LogTrace Warning: 0 :     [2017年6月26日16:53:52]: DeviceNet::正在中止线程。
LogTrace Warning: 0 :     [2017年6月26日16:55:53]: 串口接收进程::正在中止线程。
LogTrace Warning: 0 :     [2017年6月26日16:55:53]: DeviceNet::正在中止线程。
LogTrace Warning: 0 :     [2017年6月26日16:56:13]: 串口接收进程::正在中止线程。
LogTrace Warning: 0 :     [2017年6月26日16:56:13]: DeviceNet::正在中止线程。
LogTrace Warning: 0 :     [2017年6月26日16:56:26]: 串口接收进程::正在中止线程。
LogTrace Warning: 0 :     [2017年6月26日16:56:27]: DeviceNet::正在中止线程。
LogTrace Warning: 0 :     [2017年6月26日17:05:21]: 串口接收进程::正在中止线程。
LogTrace Warning: 0 :     [2017年6月26日17:05:21]: DeviceNet::正在中止线程。
LogTrace Warning: 0 :     [2017年6月26日17:06:00]: 串口接收进程::正在中止线程。
LogTrace Warning: 0 :     [2017年6月26日17:06:00]: DeviceNet::正在中止线程。
LogTrace Warning: 0 :     [2017年6月26日17:06:34]: 串口接收进程::正在中止线程。
LogTrace Warning: 0 :     [2017年6月26日17:06:34]: DeviceNet::正在中止线程。
LogTrace Warning: 0 :     [2017年6月26日20:25:08]: 串口接收进程::正在中止线程。
LogTrace Warning: 0 :     [2017年6月26日20:25:09]: DeviceNet::正在中止线程。
LogTrace Warning: 0 :     [2017年6月26日20:25:36]: 串口接收进程::正在中止线程。
LogTrace Warning: 0 :     [2017年6月26日20:25:36]: DeviceNet::正在中止线程。
LogTrace Warning: 0 :     [2017年6月26日20:26:10]: 串口接收进程::正在中止线程。
LogTrace Warning: 0 :     [2017年6月26日20:26:10]: DeviceNet::正在中止线程。
LogTrace Warning: 0 :     [2017年6月26日20:29:09]: 串口接收进程::正在中止线程。
LogTrace Warning: 0 :     [2017年6月26日20:29:09]: DeviceNet::正在中止线程。
LogTrace Warning: 0 :     [2017年6月26日20:32:40]: 串口接收进程::正在中止线程。
LogTrace Warning: 0 :     [2017年6月26日20:32:40]: DeviceNet::正在中止线程。
LogTrace Warning: 0 :     [2017年6月26日21:05:18]: 串口接收进程::正在中止线程。
LogTrace Warning: 0 :     [2017年6月26日21:05:18]: DeviceNet::正在中止线程。
LogTrace Warning: 0 :     [2017年6月26日21:06:04]: 串口接收进程::正在中止线程。
LogTrace Warning: 0 :     [2017年6月26日21:06:04]: DeviceNet::正在中止线程。
LogTrace Warning: 0 :     [2017年6月26日21:30:07]: 串口接收进程::正在中止线程。
LogTrace Warning: 0 :     [2017年6月26日21:30:07]: DeviceNet::正在中止线程。
LogTrace Warning: 0 :     [2017年6月27日6:46:41]: 串口接收进程::正在中止线程。
LogTrace Warning: 0 :     [2017年6月27日6:46:41]: DeviceNet::正在中止线程。
LogTrace Warning: 0 :     [2017年6月27日6:57:47]: 串口接收进程::正在中止线程。
LogTrace Warning: 0 :     [2017年6月27日6:57:47]: DeviceNet::正在中止线程。
LogTrace Warning: 0 :     [2017年6月27日7:04:59]: 串口接收进程::正在中止线程。
LogTrace Warning: 0 :     [2017年6月27日7:05:00]: DeviceNet::正在中止线程。
LogTrace Warning: 0 :     [2017年6月27日7:08:25]: 串口接收进程::正在中止线程。
LogTrace Warning: 0 :     [2017年6月27日7:08:26]: DeviceNet::正在中止线程。
LogTrace Warning: 0 :     [2017年6月27日9:59:37]: 串口接收进程::正在中止线程。
LogTrace Warning: 0 :     [2017年6月27日9:59:37]: DeviceNet::正在中止线程。
LogTrace Warning: 0 :     [2017年6月27日10:01:40]: 串口接收进程::正在中止线程。
LogTrace Warning: 0 :     [2017年6月27日10:01:41]: DeviceNet::正在中止线程。
LogTrace Warning: 0 :     [2017年6月27日10:10:16]: 串口接收进程::正在中止线程。
LogTrace Warning: 0 :     [2017年6月27日10:10:16]: DeviceNet::正在中止线程。
LogTrace Warning: 0 :     [2017年6月27日11:23:49]: 串口接收进程::正在中止线程。
LogTrace Warning: 0 :     [2017年6月27日11:23:50]: DeviceNet::正在中止线程。
LogTrace Warning: 0 :     [2017年6月27日13:15:12]: 串口接收进程::正在中止线程。
LogTrace Warning: 0 :     [2017年6月27日13:15:12]: DeviceNet::正在中止线程。
LogTrace Warning: 0 :     [2017年6月27日14:43:24]: 串口接收进程::正在中止线程。
LogTrace Warning: 0 :     [2017年6月27日14:43:24]: DeviceNet::正在中止线程。
LogTrace Warning: 0 :     [2017年6月27日14:47:04]: 串口接收进程::正在中止线程。
LogTrace Warning: 0 :     [2017年6月27日14:47:04]: DeviceNet::正在中止线程。
LogTrace Warning: 0 :     [2017年6月27日14:47:23]: 串口接收进程::正在中止线程。
LogTrace Warning: 0 :     [2017年6月27日14:47:23]: DeviceNet::正在中止线程。
LogTrace Warning: 0 :     [2017年6月27日15:13:22]: 串口接收进程::正在中止线程。
LogTrace Warning: 0 :     [2017年6月27日15:13:22]: DeviceNet::正在中止线程。
LogTrace Warning: 0 :     [2017年6月27日15:35:38]: 串口接收进程::正在中止线程。
LogTrace Warning: 0 :     [2017年6月27日15:35:38]: DeviceNet::正在中止线程。
LogTrace Warning: 0 :     [2017年6月27日16:30:42]: 串口接收进程::正在中止线程。
LogTrace Warning: 0 :     [2017年6月27日16:30:42]: DeviceNet::正在中止线程。
LogTrace Warning: 0 :     [2017年6月27日16:36:00]: 串口接收进程::正在中止线程。
LogTrace Warning: 0 :     [2017年6月27日16:36:00]: DeviceNet::正在中止线程。
LogTrace Warning: 0 :     [2017年6月27日16:37:06]: 串口接收进程::正在中止线程。
LogTrace Warning: 0 :     [2017年6月27日16:37:06]: DeviceNet::正在中止线程。
LogTrace Warning: 0 :     [2017年6月27日18:51:26]: 串口接收进程::正在中止线程。
LogTrace Warning: 0 :     [2017年6月27日18:51:32]: DeviceNet::正在中止线程。
LogTrace Warning: 0 :     [2017年6月27日19:02:40]: 串口接收进程::正在中止线程。
LogTrace Warning: 0 :     [2017年6月27日19:02:41]: DeviceNet::正在中止线程。
LogTrace Warning: 0 :     [2017年6月27日19:02:48]: 串口接收进程::正在中止线程。
LogTrace Warning: 0 :     [2017年6月27日19:02:48]: DeviceNet::正在中止线程。
LogTrace Warning: 0 :     [2017年6月27日19:03:31]: 串口接收进程::正在中止线程。
LogTrace Warning: 0 :     [2017年6月27日19:03:31]: DeviceNet::正在中止线程。
LogTrace Warning: 0 :     [2017年6月27日19:05:45]: 串口接收进程::正在中止线程。
LogTrace Warning: 0 :     [2017年6月27日19:05:45]: DeviceNet::正在中止线程。
LogTrace Warning: 0 :     [2017年6月27日19:05:52]: 串口接收进程::正在中止线程。
LogTrace Warning: 0 :     [2017年6月27日19:05:52]: DeviceNet::正在中止线程。
LogTrace Warning: 0 :     [2017年6月27日21:01:21]: 串口接收进程::正在中止线程。
LogTrace Warning: 0 :     [2017年6月27日21:01:21]: DeviceNet::正在中止线程。
LogTrace Warning: 0 :     [2017年6月28日8:05:31]: 串口接收进程::正在中止线程。
LogTrace Warning: 0 :     [2017年6月28日8:05:31]: DeviceNet::正在中止线程。
LogTrace Warning: 0 :     [2017年6月28日8:06:32]: 串口接收进程::正在中止线程。
LogTrace Warning: 0 :     [2017年6月28日8:06:32]: DeviceNet::正在中止线程。
LogTrace Warning: 0 :     [2017年6月28日8:40:52]: 串口接收进程::正在中止线程。
LogTrace Warning: 0 :     [2017年6月28日8:40:52]: DeviceNet::正在中止线程。
LogTrace Warning: 0 :     [2017年6月28日11:21:22]: 接收超时，移除第一个重新开始判断。
LogTrace Warning: 0 :     [2017年6月28日11:42:02]: 串口接收进程::正在中止线程。
LogTrace Warning: 0 :     [2017年6月28日11:42:02]: DeviceNet::正在中止线程。
LogTrace Warning: 0 :     [2017年6月28日13:43:44]: 接收超时，移除第一个重新开始判断。
LogTrace Warning: 0 :     [2017年6月28日14:59:17]: 串口接收进程::正在中止线程。
LogTrace Warning: 0 :     [2017年6月28日14:59:17]: DeviceNet::正在中止线程。
LogTrace Warning: 0 :     [2017年6月28日15:23:04]: 串口接收进程::正在中止线程。
LogTrace Warning: 0 :     [2017年6月28日15:23:04]: DeviceNet::正在中止线程。
LogTrace Warning: 0 :     [2017年6月28日17:05:29]: 串口接收进程::正在中止线程。
LogTrace Warning: 0 :     [2017年6月28日17:05:29]: DeviceNet::正在中止线程。
LogTrace Warning: 0 :     [2017年6月28日17:15:37]: 串口接收进程::正在中止线程。
LogTrace Warning: 0 :     [2017年6月28日17:15:37]: DeviceNet::正在中止线程。
LogTrace Warning: 0 :     [2017年6月28日20:08:41]: 串口接收进程::正在中止线程。
LogTrace Warning: 0 :     [2017年6月28日20:08:41]: DeviceNet::正在中止线程。
LogTrace Warning: 0 :     [2017年6月28日21:00:56]: 串口接收进程::正在中止线程。
LogTrace Warning: 0 :     [2017年6月28日21:00:56]: DeviceNet::正在中止线程。
LogTrace Warning: 0 :     [2017年6月29日6:42:46]: 串口接收进程::正在中止线程。
LogTrace Warning: 0 :     [2017年6月29日6:42:47]: DeviceNet::正在中止线程。
LogTrace Warning: 0 :     [2017年6月29日7:00:12]: 串口接收进程::正在中止线程。
LogTrace Warning: 0 :     [2017年6月29日7:00:13]: DeviceNet::正在中止线程。
LogTrace Warning: 0 :     [2017年6月29日7:14:21]: 串口接收进程::正在中止线程。
LogTrace Warning: 0 :     [2017年6月29日7:14:21]: DeviceNet::正在中止线程。
LogTrace Warning: 0 :     [2017年6月29日7:17:20]: 串口接收进程::正在中止线程。
LogTrace Warning: 0 :     [2017年6月29日7:17:20]: DeviceNet::正在中止线程。
LogTrace Warning: 0 :     [2017年6月29日7:25:14]: 串口接收进程::正在中止线程。
LogTrace Warning: 0 :     [2017年6月29日7:25:14]: DeviceNet::正在中止线程。
LogTrace Warning: 0 :     [2017年6月29日9:26:57]: 串口接收进程::正在中止线程。
LogTrace Warning: 0 :     [2017年6月29日9:26:58]: DeviceNet::正在中止线程。
LogTrace Warning: 0 :     [2017年6月29日9:32:25]: 串口接收进程::正在中止线程。
LogTrace Warning: 0 :     [2017年6月29日9:32:26]: DeviceNet::正在中止线程。
LogTrace Warning: 0 :     [2017年6月29日10:26:13]: 串口接收进程::正在中止线程。
LogTrace Warning: 0 :     [2017年6月29日10:26:13]: DeviceNet::正在中止线程。
LogTrace Warning: 0 :     [2017年6月29日11:18:08]: 接收超时，移除第一个重新开始判断。
LogTrace Warning: 0 :     [2017年6月29日11:28:25]: 串口接收进程::正在中止线程。
LogTrace Warning: 0 :     [2017年6月29日11:28:26]: DeviceNet::正在中止线程。
LogTrace Warning: 0 :     [2017年6月29日11:49:45]: 串口接收进程::正在中止线程。
LogTrace Warning: 0 :     [2017年6月29日11:49:45]: DeviceNet::正在中止线程。
LogTrace Warning: 0 :     [2017年6月29日14:07:04]: 串口接收进程::正在中止线程。
LogTrace Warning: 0 :     [2017年6月29日14:07:04]: DeviceNet::正在中止线程。
LogTrace Warning: 0 :     [2017年6月29日14:51:38]: 串口接收进程::正在中止线程。
LogTrace Warning: 0 :     [2017年6月29日14:51:38]: DeviceNet::正在中止线程。
LogTrace Warning: 0 :     [2017年6月29日18:40:45]: 串口接收进程::正在中止线程。
LogTrace Warning: 0 :     [2017年6月29日18:40:45]: DeviceNet::正在中止线程。
LogTrace Warning: 0 :     [2017年6月29日18:41:38]: 串口接收进程::正在中止线程。
LogTrace Warning: 0 :     [2017年6月29日18:41:38]: DeviceNet::正在中止线程。
LogTrace Warning: 0 :     [2017年6月29日18:44:09]: 串口接收进程::正在中止线程。
LogTrace Warning: 0 :     [2017年6月29日18:44:09]: DeviceNet::正在中止线程。
LogTrace Warning: 0 :     [2017年6月29日18:47:51]: 串口接收进程::正在中止线程。
LogTrace Warning: 0 :     [2017年6月29日18:47:51]: DeviceNet::正在中止线程。
LogTrace Warning: 0 :     [2017年6月29日19:40:57]: 串口接收进程::正在中止线程。
LogTrace Warning: 0 :     [2017年6月29日19:40:58]: DeviceNet::正在中止线程。
LogTrace Warning: 0 :     [2017年6月29日19:50:02]: 串口接收进程::正在中止线程。
LogTrace Warning: 0 :     [2017年6月29日19:50:02]: DeviceNet::正在中止线程。
LogTrace Warning: 0 :     [2017年6月29日20:44:08]: 串口接收进程::正在中止线程。
LogTrace Warning: 0 :     [2017年6月29日20:44:08]: DeviceNet::正在中止线程。
LogTrace Warning: 0 :     [2017年6月29日20:53:30]: 串口接收进程::正在中止线程。
LogTrace Warning: 0 :     [2017年6月29日20:53:30]: DeviceNet::正在中止线程。
LogTrace Warning: 0 :     [2017年6月29日20:56:50]: 串口接收进程::正在中止线程。
LogTrace Warning: 0 :     [2017年6月29日20:56:50]: DeviceNet::正在中止线程。
LogTrace Warning: 0 :     [2017年6月29日21:07:09]: 串口接收进程::正在中止线程。
LogTrace Warning: 0 :     [2017年6月29日21:07:10]: DeviceNet::正在中止线程。
LogTrace Warning: 0 :     [2017年6月29日21:09:18]: 串口接收进程::正在中止线程。
LogTrace Warning: 0 :     [2017年6月29日21:09:18]: DeviceNet::正在中止线程。
LogTrace Warning: 0 :     [2017年6月29日21:11:19]: 串口接收进程::正在中止线程。
LogTrace Warning: 0 :     [2017年6月29日21:11:19]: DeviceNet::正在中止线程。
LogTrace Warning: 0 :     [2017年6月29日21:12:15]: 串口接收进程::正在中止线程。
LogTrace Warning: 0 :     [2017年6月29日21:12:15]: DeviceNet::正在中止线程。
LogTrace Warning: 0 :     [2017年6月30日9:35:53]: 串口接收进程::正在中止线程。
LogTrace Warning: 0 :     [2017年6月30日9:35:54]: DeviceNet::正在中止线程。
LogTrace Warning: 0 :     [2017年6月30日9:55:08]: 串口接收进程::正在中止线程。
LogTrace Warning: 0 :     [2017年6月30日9:55:08]: DeviceNet::正在中止线程。
LogTrace Warning: 0 :     [2017年6月30日10:01:52]: 串口接收进程::正在中止线程。
LogTrace Warning: 0 :     [2017年6月30日10:01:52]: DeviceNet::正在中止线程。
LogTrace Warning: 0 :     [2017年6月30日10:09:51]: 串口接收进程::正在中止线程。
LogTrace Warning: 0 :     [2017年6月30日10:09:52]: DeviceNet::正在中止线程。
LogTrace Warning: 0 :     [2017年6月30日12:02:25]: 串口接收进程::正在中止线程。
LogTrace Warning: 0 :     [2017年6月30日12:02:26]: DeviceNet::正在中止线程。
LogTrace Warning: 0 :     [2017年6月30日12:02:40]: 串口接收进程::正在中止线程。
LogTrace Warning: 0 :     [2017年6月30日12:02:41]: DeviceNet::正在中止线程。
LogTrace Warning: 0 :     [2017年6月30日14:38:32]: 串口接收进程::正在中止线程。
LogTrace Warning: 0 :     [2017年6月30日14:38:32]: DeviceNet::正在中止线程。
LogTrace Warning: 0 :     [2017年6月30日15:17:41]: 串口接收进程::正在中止线程。
LogTrace Warning: 0 :     [2017年6月30日15:17:41]: DeviceNet::正在中止线程。
LogTrace Warning: 0 :     [2017年6月30日16:32:24]: 串口接收进程::正在中止线程。
LogTrace Warning: 0 :     [2017年6月30日16:32:24]: DeviceNet::正在中止线程。
LogTrace Warning: 0 :     [2017年6月30日16:32:49]: 串口接收进程::正在中止线程。
LogTrace Warning: 0 :     [2017年6月30日16:32:49]: DeviceNet::正在中止线程。
LogTrace Warning: 0 :     [2017年6月30日17:02:25]: 串口接收进程::正在中止线程。
LogTrace Warning: 0 :     [2017年6月30日17:02:26]: DeviceNet::正在中止线程。
LogTrace Warning: 0 :     [2017年6月30日17:06:19]: 串口接收进程::正在中止线程。
LogTrace Warning: 0 :     [2017年6月30日17:06:19]: DeviceNet::正在中止线程。
LogTrace Warning: 0 :     [2017年6月30日17:07:34]: 串口接收进程::正在中止线程。
LogTrace Warning: 0 :     [2017年6月30日17:07:35]: DeviceNet::正在中止线程。
LogTrace Warning: 0 :     [2017年6月30日17:10:08]: 串口接收进程::正在中止线程。
LogTrace Warning: 0 :     [2017年6月30日17:10:08]: DeviceNet::正在中止线程。
LogTrace Warning: 0 :     [2017年6月30日21:17:03]: 串口接收进程::正在中止线程。
LogTrace Warning: 0 :     [2017年6月30日21:17:03]: DeviceNet::正在中止线程。
LogTrace Warning: 0 :     [2017年7月1日16:53:04]: 串口接收进程::正在中止线程。
LogTrace Warning: 0 :     [2017年7月1日16:53:04]: DeviceNet::正在中止线程。
LogTrace Warning: 0 :     [2017年7月2日9:04:03]: 串口接收进程::正在中止线程。
LogTrace Warning: 0 :     [2017年7月2日9:04:03]: DeviceNet::正在中止线程。
LogTrace Warning: 0 :     [2017年7月2日9:14:06]: 串口接收进程::正在中止线程。
LogTrace Warning: 0 :     [2017年7月2日9:14:07]: DeviceNet::正在中止线程。
LogTrace Warning: 0 :     [2017年7月2日9:16:06]: 串口接收进程::正在中止线程。
LogTrace Warning: 0 :     [2017年7月2日9:16:06]: DeviceNet::正在中止线程。
LogTrace Warning: 0 :     [2017年7月2日9:17:40]: 串口接收进程::正在中止线程。
LogTrace Warning: 0 :     [2017年7月2日9:17:40]: DeviceNet::正在中止线程。
LogTrace Warning: 0 :     [2017年7月2日9:23:33]: 串口接收进程::正在中止线程。
LogTrace Warning: 0 :     [2017年7月2日9:23:33]: DeviceNet::正在中止线程。
LogTrace Warning: 0 :     [2017年7月2日10:04:31]: 接收超时，移除第一个重新开始判断。
LogTrace Warning: 0 :     [2017年7月2日10:28:58]: 串口接收进程::正在中止线程。
LogTrace Warning: 0 :     [2017年7月2日10:28:58]: DeviceNet::正在中止线程。
LogTrace Warning: 0 :     [2017年7月2日10:53:06]: 串口接收进程::正在中止线程。
LogTrace Warning: 0 :     [2017年7月2日10:53:07]: DeviceNet::正在中止线程。
LogTrace Warning: 0 :     [2017年7月2日14:58:08]: 串口接收进程::正在中止线程。
LogTrace Warning: 0 :     [2017年7月2日14:58:08]: DeviceNet::正在中止线程。
LogTrace Warning: 0 :     [2017年7月2日15:54:13]: 串口接收进程::正在中止线程。
LogTrace Warning: 0 :     [2017年7月2日15:54:13]: DeviceNet::正在中止线程。
LogTrace Warning: 0 :     [2017年7月2日16:14:41]: 串口接收进程::正在中止线程。
LogTrace Warning: 0 :     [2017年7月2日16:14:41]: DeviceNet::正在中止线程。
LogTrace Warning: 0 :     [2017年7月2日22:01:13]: 串口接收进程::正在中止线程。
LogTrace Warning: 0 :     [2017年7月2日22:01:13]: DeviceNet::正在中止线程。
LogTrace Warning: 0 :     [2017年7月3日7:26:39]: 串口接收进程::正在中止线程。
LogTrace Warning: 0 :     [2017年7月3日7:26:39]: DeviceNet::正在中止线程。
LogTrace Warning: 0 :     [2017年7月3日14:07:55]: 串口接收进程::正在中止线程。
LogTrace Warning: 0 :     [2017年7月3日14:07:55]: DeviceNet::正在中止线程。
LogTrace Warning: 0 :     [2017年7月3日16:29:04]: 串口接收进程::正在中止线程。
LogTrace Warning: 0 :     [2017年7月3日16:29:04]: DeviceNet::正在中止线程。
LogTrace Warning: 0 :     [2017年7月3日16:41:04]: 串口接收进程::正在中止线程。
LogTrace Warning: 0 :     [2017年7月3日16:41:05]: DeviceNet::正在中止线程。
LogTrace Warning: 0 :     [2017年7月3日17:14:33]: 串口接收进程::正在中止线程。
LogTrace Warning: 0 :     [2017年7月3日17:14:34]: DeviceNet::正在中止线程。
LogTrace Warning: 0 :     [2017年7月3日20:02:45]: 串口接收进程::正在中止线程。
LogTrace Warning: 0 :     [2017年7月3日20:02:45]: DeviceNet::正在中止线程。
LogTrace Warning: 0 :     [2017年7月3日20:12:30]: 串口接收进程::正在中止线程。
LogTrace Warning: 0 :     [2017年7月3日20:12:30]: DeviceNet::正在中止线程。
LogTrace Warning: 0 :     [2017年7月3日20:27:28]: 串口接收进程::正在中止线程。
LogTrace Warning: 0 :     [2017年7月3日20:27:28]: DeviceNet::正在中止线程。
LogTrace Warning: 0 :     [2017年7月3日20:32:23]: 串口接收进程::正在中止线程。
LogTrace Warning: 0 :     [2017年7月3日20:32:23]: DeviceNet::正在中止线程。
LogTrace Warning: 0 :     [2017年7月3日20:45:57]: 串口接收进程::正在中止线程。
LogTrace Warning: 0 :     [2017年7月3日20:45:57]: DeviceNet::正在中止线程。
LogTrace Warning: 0 :     [2017年7月3日21:03:19]: 串口接收进程::正在中止线程。
LogTrace Warning: 0 :     [2017年7月3日21:03:19]: DeviceNet::正在中止线程。
LogTrace Warning: 0 :     [2017年7月3日21:36:30]: 串口接收进程::正在中止线程。
LogTrace Warning: 0 :     [2017年7月3日21:36:31]: DeviceNet::正在中止线程。
LogTrace Warning: 0 :     [2017年7月3日21:54:06]: 串口接收进程::正在中止线程。
LogTrace Warning: 0 :     [2017年7月3日21:54:06]: DeviceNet::正在中止线程。
LogTrace Warning: 0 :     [2017年7月3日22:08:18]: 串口接收进程::正在中止线程。
LogTrace Warning: 0 :     [2017年7月3日22:08:18]: DeviceNet::正在中止线程。
LogTrace Warning: 0 :     [2017年7月3日22:10:27]: 串口接收进程::正在中止线程。
LogTrace Warning: 0 :     [2017年7月3日22:10:27]: DeviceNet::正在中止线程。
LogTrace Warning: 0 :     [2017年7月3日22:15:33]: 串口接收进程::正在中止线程。
LogTrace Warning: 0 :     [2017年7月3日22:15:33]: DeviceNet::正在中止线程。
LogTrace Warning: 0 :     [2017年7月3日22:37:29]: 串口接收进程::正在中止线程。
LogTrace Warning: 0 :     [2017年7月3日22:37:30]: DeviceNet::正在中止线程。
LogTrace Warning: 0 :     [2017年7月3日22:39:19]: 串口接收进程::正在中止线程。
LogTrace Warning: 0 :     [2017年7月3日22:39:19]: DeviceNet::正在中止线程。
LogTrace Warning: 0 :     [2017年7月3日22:41:15]: 串口接收进程::正在中止线程。
LogTrace Warning: 0 :     [2017年7月3日22:41:15]: DeviceNet::正在中止线程。
LogTrace Warning: 0 :     [2017年7月3日22:47:01]: 串口接收进程::正在中止线程。
LogTrace Warning: 0 :     [2017年7月3日22:47:02]: DeviceNet::正在中止线程。
LogTrace Warning: 0 :     [2017年7月3日22:49:47]: 串口接收进程::正在中止线程。
LogTrace Warning: 0 :     [2017年7月3日22:49:47]: DeviceNet::正在中止线程。
LogTrace Warning: 0 :     [2017年7月3日22:56:51]: 串口接收进程::正在中止线程。
LogTrace Warning: 0 :     [2017年7月3日22:56:51]: DeviceNet::正在中止线程。
LogTrace Warning: 0 :     [2017年7月4日6:30:04]: 串口接收进程::正在中止线程。
LogTrace Warning: 0 :     [2017年7月4日6:30:04]: DeviceNet::正在中止线程。
LogTrace Warning: 0 :     [2017年7月4日6:35:02]: 串口接收进程::正在中止线程。
LogTrace Warning: 0 :     [2017年7月4日6:35:02]: DeviceNet::正在中止线程。
LogTrace Warning: 0 :     [2017年7月4日6:36:54]: 串口接收进程::正在中止线程。
LogTrace Warning: 0 :     [2017年7月4日6:36:54]: DeviceNet::正在中止线程。
LogTrace Warning: 0 :     [2017年7月4日8:25:55]: 串口接收进程::正在中止线程。
LogTrace Warning: 0 :     [2017年7月4日8:25:55]: DeviceNet::正在中止线程。
LogTrace Warning: 0 :     [2017年7月4日15:13:32]: 串口接收进程::正在中止线程。
LogTrace Warning: 0 :     [2017年7月4日15:13:32]: DeviceNet::正在中止线程。
LogTrace Warning: 0 :     [2017年7月4日15:40:26]: 串口接收进程::正在中止线程。
LogTrace Warning: 0 :     [2017年7月4日15:40:27]: DeviceNet::正在中止线程。
LogTrace Warning: 0 :     [2017年7月4日16:25:51]: 串口接收进程::正在中止线程。
LogTrace Warning: 0 :     [2017年7月4日16:25:51]: DeviceNet::正在中止线程。
LogTrace Warning: 0 :     [2017年7月4日16:28:02]: 串口接收进程::正在中止线程。
LogTrace Warning: 0 :     [2017年7月4日16:28:02]: DeviceNet::正在中止线程。
LogTrace Warning: 0 :     [2017年7月4日18:29:33]: 串口接收进程::正在中止线程。
LogTrace Warning: 0 :     [2017年7月4日18:29:33]: DeviceNet::正在中止线程。
LogTrace Warning: 0 :     [2017年7月4日19:39:41]: 串口接收进程::正在中止线程。
LogTrace Warning: 0 :     [2017年7月4日19:39:41]: DeviceNet::正在中止线程。
LogTrace Warning: 0 :     [2017年7月4日20:35:42]: 串口接收进程::正在中止线程。
LogTrace Warning: 0 :     [2017年7月4日20:35:42]: DeviceNet::正在中止线程。
LogTrace Warning: 0 :     [2017年7月4日20:36:10]: 串口接收进程::正在中止线程。
LogTrace Warning: 0 :     [2017年7月4日20:36:11]: DeviceNet::正在中止线程。
LogTrace Warning: 0 :     [2017年7月4日20:44:43]: 串口接收进程::正在中止线程。
LogTrace Warning: 0 :     [2017年7月4日20:44:44]: DeviceNet::正在中止线程。
LogTrace Warning: 0 :     [2017年7月4日20:47:52]: 串口接收进程::正在中止线程。
LogTrace Warning: 0 :     [2017年7月4日20:47:53]: DeviceNet::正在中止线程。
LogTrace Warning: 0 :     [2017年7月4日20:48:16]: 串口接收进程::正在中止线程。
LogTrace Warning: 0 :     [2017年7月4日20:48:16]: DeviceNet::正在中止线程。
LogTrace Warning: 0 :     [2017年7月4日20:51:40]: 串口接收进程::正在中止线程。
LogTrace Warning: 0 :     [2017年7月4日20:51:40]: DeviceNet::正在中止线程。
LogTrace Warning: 0 :     [2017年7月4日20:52:57]: 串口接收进程::正在中止线程。
LogTrace Warning: 0 :     [2017年7月4日20:52:58]: DeviceNet::正在中止线程。
LogTrace Warning: 0 :     [2017年7月12日7:08:29]: 串口接收进程::正在中止线程。
LogTrace Warning: 0 :     [2017年7月12日7:08:29]: DeviceNet::正在中止线程。
LogTrace Warning: 0 :     [2017年7月12日7:10:04]: 串口接收进程::正在中止线程。
LogTrace Warning: 0 :     [2017年7月12日7:10:04]: DeviceNet::正在中止线程。
LogTrace Warning: 0 :     [2017年7月12日7:11:23]: 串口接收进程::正在中止线程。
LogTrace Warning: 0 :     [2017年7月12日7:11:23]: DeviceNet::正在中止线程。
LogTrace Warning: 0 :     [2017年7月12日7:18:50]: 串口接收进程::正在中止线程。
LogTrace Warning: 0 :     [2017年7月12日7:18:50]: DeviceNet::正在中止线程。
LogTrace Warning: 0 :     [2017年7月12日9:06:32]: 串口接收进程::正在中止线程。
LogTrace Warning: 0 :     [2017年7月12日9:06:32]: DeviceNet::正在中止线程。
LogTrace Warning: 0 :     [2017年7月12日9:07:20]: 串口接收进程::正在中止线程。
LogTrace Warning: 0 :     [2017年7月12日9:07:20]: DeviceNet::正在中止线程。
LogTrace Warning: 0 :     [2017年7月12日9:08:44]: 串口接收进程::正在中止线程。
LogTrace Warning: 0 :     [2017年7月12日9:08:44]: DeviceNet::正在中止线程。
LogTrace Error: 0 :       [2017年7月12日9:09:09]: 串口接收进程::索引(从零开始)必须大于或等于零，且小于参数列表的大小。
LogTrace Warning: 0 :     [2017年7月13日10:04:58]: 串口接收进程::正在中止线程。
LogTrace Warning: 0 :     [2017年7月13日10:04:59]: DeviceNet::正在中止线程。
LogTrace Warning: 0 :     [2017年7月13日10:27:10]: 串口接收进程::正在中止线程。
LogTrace Warning: 0 :     [2017年7月13日10:27:10]: DeviceNet::正在中止线程。
LogTrace Warning: 0 :     [2017年7月13日10:35:19]: 串口接收进程::正在中止线程。
LogTrace Warning: 0 :     [2017年7月13日10:35:20]: DeviceNet::正在中止线程。
LogTrace Warning: 0 :     [2017年7月13日11:09:20]: 串口接收进程::正在中止线程。
LogTrace Warning: 0 :     [2017年7月13日11:09:20]: DeviceNet::正在中止线程。
LogTrace Warning: 0 :     [2017年7月13日11:40:44]: 串口接收进程::正在中止线程。
LogTrace Warning: 0 :     [2017年7月13日11:40:44]: DeviceNet::正在中止线程。
LogTrace Warning: 0 :     [2017年7月13日16:28:20]: 串口接收进程::正在中止线程。
LogTrace Warning: 0 :     [2017年7月13日16:28:20]: DeviceNet::正在中止线程。
LogTrace Warning: 0 :     [2017年7月13日16:29:51]: 串口接收进程::正在中止线程。
LogTrace Warning: 0 :     [2017年7月13日16:29:51]: DeviceNet::正在中止线程。
LogTrace Warning: 0 :     [2017年7月13日16:30:01]: 串口接收进程::正在中止线程。
LogTrace Warning: 0 :     [2017年7月13日16:30:01]: DeviceNet::正在中止线程。
LogTrace Warning: 0 :     [2017年7月13日16:32:55]: 串口接收进程::正在中止线程。
LogTrace Warning: 0 :     [2017年7月13日16:32:56]: DeviceNet::正在中止线程。
LogTrace Warning: 0 :     [2017年7月13日16:34:44]: 串口接收进程::正在中止线程。
LogTrace Warning: 0 :     [2017年7月13日16:34:45]: DeviceNet::正在中止线程。
LogTrace Error: 0 :       [2017年7月13日17:17:28]:    在 ZFreeGo.ChoicePhase.PlatformModel.Helper.XMLOperate.ReadUserRecod() 位置 e:\MyCode\Dotnet\ZFreeGo.ChoicePhase\ZFreeGo.ChoicePhase.PlatformModel\Helper\XMLOperate.cs:行号 151
   在 ZFreeGo.ChoicePhase.PlatformModel.PlatformModelServer..ctor() 位置 e:\MyCode\Dotnet\ZFreeGo.ChoicePhase\ZFreeGo.ChoicePhase.PlatformModel\PlatformModelServer.cs:行号 121
LogTrace Error: 0 :       [2017年7月13日17:19:48]:    在 ZFreeGo.ChoicePhase.PlatformModel.Helper.XMLOperate.ReadUserRecod() 位置 e:\MyCode\Dotnet\ZFreeGo.ChoicePhase\ZFreeGo.ChoicePhase.PlatformModel\Helper\XMLOperate.cs:行号 151
   在 ZFreeGo.ChoicePhase.PlatformModel.PlatformModelServer..ctor() 位置 e:\MyCode\Dotnet\ZFreeGo.ChoicePhase\ZFreeGo.ChoicePhase.PlatformModel\PlatformModelServer.cs:行号 121
LogTrace Error: 0 :       [2017年7月13日17:20:22]:    在 ZFreeGo.ChoicePhase.PlatformModel.Helper.XMLOperate.ReadUserRecod() 位置 e:\MyCode\Dotnet\ZFreeGo.ChoicePhase\ZFreeGo.ChoicePhase.PlatformModel\Helper\XMLOperate.cs:行号 151
   在 ZFreeGo.ChoicePhase.PlatformModel.PlatformModelServer..ctor() 位置 e:\MyCode\Dotnet\ZFreeGo.ChoicePhase\ZFreeGo.ChoicePhase.PlatformModel\PlatformModelServer.cs:行号 121
LogTrace Error: 0 :       [2017年7月13日17:23:41]:    在 ZFreeGo.ChoicePhase.PlatformModel.Helper.XMLOperate.ReadUserRecod() 位置 e:\MyCode\Dotnet\ZFreeGo.ChoicePhase\ZFreeGo.ChoicePhase.PlatformModel\Helper\XMLOperate.cs:行号 151
   在 ZFreeGo.ChoicePhase.PlatformModel.PlatformModelServer..ctor() 位置 e:\MyCode\Dotnet\ZFreeGo.ChoicePhase\ZFreeGo.ChoicePhase.PlatformModel\PlatformModelServer.cs:行号 121
LogTrace Warning: 0 :     [2017年7月13日17:23:49]: 串口接收进程::正在中止线程。
LogTrace Warning: 0 :     [2017年7月13日17:23:49]: DeviceNet::正在中止线程。
LogTrace Warning: 0 :     [2017年7月13日17:26:28]: 串口接收进程::正在中止线程。
LogTrace Warning: 0 :     [2017年7月13日17:26:28]: DeviceNet::正在中止线程。
LogTrace Warning: 0 :     [2017年7月13日17:27:43]: 串口接收进程::正在中止线程。
LogTrace Warning: 0 :     [2017年7月13日17:27:43]: DeviceNet::正在中止线程。
LogTrace Warning: 0 :     [2017年7月13日18:41:43]: 串口接收进程::正在中止线程。
LogTrace Warning: 0 :     [2017年7月13日18:41:43]: DeviceNet::正在中止线程。
LogTrace Warning: 0 :     [2017年7月13日18:54:59]: 串口接收进程::正在中止线程。
LogTrace Warning: 0 :     [2017年7月13日18:54:59]: DeviceNet::正在中止线程。
LogTrace Warning: 0 :     [2017年7月13日18:59:38]: 串口接收进程::正在中止线程。
LogTrace Warning: 0 :     [2017年7月13日18:59:38]: DeviceNet::正在中止线程。
LogTrace Warning: 0 :     [2017年7月13日18:59:44]: 串口接收进程::正在中止线程。
LogTrace Warning: 0 :     [2017年7月13日18:59:44]: DeviceNet::正在中止线程。
LogTrace Warning: 0 :     [2017年7月13日19:10:35]: 串口接收进程::正在中止线程。
LogTrace Warning: 0 :     [2017年7月13日19:10:35]: DeviceNet::正在中止线程。
LogTrace Warning: 0 :     [2017年7月13日19:11:11]: 串口接收进程::正在中止线程。
LogTrace Warning: 0 :     [2017年7月13日19:11:11]: DeviceNet::正在中止线程。
LogTrace Warning: 0 :     [2017年7月13日19:12:31]: 串口接收进程::正在中止线程。
LogTrace Warning: 0 :     [2017年7月13日19:12:31]: DeviceNet::正在中止线程。
LogTrace Warning: 0 :     [2017年7月13日19:29:03]: 串口接收进程::正在中止线程。
LogTrace Warning: 0 :     [2017年7月13日19:29:03]: DeviceNet::正在中止线程。
LogTrace Warning: 0 :     [2017年7月13日19:31:19]: 串口接收进程::正在中止线程。
LogTrace Warning: 0 :     [2017年7月13日19:31:19]: DeviceNet::正在中止线程。
LogTrace Warning: 0 :     [2017年7月13日19:32:11]: 串口接收进程::正在中止线程。
LogTrace Warning: 0 :     [2017年7月13日19:32:11]: DeviceNet::正在中止线程。
LogTrace Warning: 0 :     [2017年7月13日19:33:30]: 串口接收进程::正在中止线程。
LogTrace Warning: 0 :     [2017年7月13日19:33:30]: DeviceNet::正在中止线程。
LogTrace Warning: 0 :     [2017年7月13日20:41:01]: 串口接收进程::正在中止线程。
LogTrace Warning: 0 :     [2017年7月13日20:41:01]: DeviceNet::正在中止线程。
LogTrace Warning: 0 :     [2017年7月14日7:20:55]: 串口接收进程::正在中止线程。
LogTrace Warning: 0 :     [2017年7月14日7:20:55]: DeviceNet::正在中止线程。
LogTrace Warning: 0 :     [2017年7月14日10:39:57]: 串口接收进程::正在中止线程。
LogTrace Warning: 0 :     [2017年7月14日10:39:57]: DeviceNet::正在中止线程。
LogTrace Warning: 0 :     [2017年7月14日15:58:43]: 串口接收进程::正在中止线程。
LogTrace Warning: 0 :     [2017年7月14日15:58:43]: DeviceNet::正在中止线程。
LogTrace Warning: 0 :     [2017年7月14日16:12:27]: 串口接收进程::正在中止线程。
LogTrace Warning: 0 :     [2017年7月14日16:12:27]: DeviceNet::正在中止线程。
LogTrace Warning: 0 :     [2017年7月14日16:15:43]: 串口接收进程::正在中止线程。
LogTrace Warning: 0 :     [2017年7月14日16:15:43]: DeviceNet::正在中止线程。
LogTrace Warning: 0 :     [2017年7月14日16:28:47]: 串口接收进程::正在中止线程。
LogTrace Warning: 0 :     [2017年7月14日16:28:47]: DeviceNet::正在中止线程。
LogTrace Warning: 0 :     [2017年7月14日17:09:02]: 串口接收进程::正在中止线程。
LogTrace Warning: 0 :     [2017年7月14日17:09:02]: DeviceNet::正在中止线程。
LogTrace Warning: 0 :     [2017年7月14日17:26:37]: 串口接收进程::正在中止线程。
LogTrace Warning: 0 :     [2017年7月14日17:26:37]: DeviceNet::正在中止线程。
LogTrace Warning: 0 :     [2017年7月14日18:33:01]: 串口接收进程::正在中止线程。
LogTrace Warning: 0 :     [2017年7月14日18:33:01]: DeviceNet::正在中止线程。
LogTrace Warning: 0 :     [2017年7月14日18:34:04]: 串口接收进程::正在中止线程。
LogTrace Warning: 0 :     [2017年7月14日18:34:04]: DeviceNet::正在中止线程。
LogTrace Warning: 0 :     [2017年7月14日18:34:22]: 串口接收进程::正在中止线程。
LogTrace Warning: 0 :     [2017年7月14日18:34:22]: DeviceNet::正在中止线程。
LogTrace Warning: 0 :     [2017年7月14日18:35:11]: 串口接收进程::正在中止线程。
LogTrace Warning: 0 :     [2017年7月14日18:35:11]: DeviceNet::正在中止线程。
LogTrace Warning: 0 :     [2017年7月14日19:04:48]: 串口接收进程::正在中止线程。
LogTrace Warning: 0 :     [2017年7月14日19:04:49]: DeviceNet::正在中止线程。
LogTrace Warning: 0 :     [2017年7月14日19:14:40]: 串口接收进程::正在中止线程。
LogTrace Warning: 0 :     [2017年7月14日19:14:40]: DeviceNet::正在中止线程。
LogTrace Warning: 0 :     [2017年7月14日20:17:49]: 串口接收进程::正在中止线程。
LogTrace Warning: 0 :     [2017年7月14日20:17:49]: DeviceNet::正在中止线程。
LogTrace Warning: 0 :     [2017年7月14日21:22:13]: 串口接收进程::正在中止线程。
LogTrace Warning: 0 :     [2017年7月14日21:22:13]: DeviceNet::正在中止线程。
LogTrace Warning: 0 :     [2017年7月14日23:00:19]: 串口接收进程::正在中止线程。
LogTrace Warning: 0 :     [2017年7月14日23:00:19]: DeviceNet::正在中止线程。
LogTrace Warning: 0 :     [2017年7月14日23:06:57]: 串口接收进程::正在中止线程。
LogTrace Warning: 0 :     [2017年7月14日23:06:57]: DeviceNet::正在中止线程。
LogTrace Warning: 0 :     [2017年7月14日23:07:21]: 串口接收进程::正在中止线程。
LogTrace Warning: 0 :     [2017年7月14日23:07:21]: DeviceNet::正在中止线程。
LogTrace Warning: 0 :     [2017年7月14日23:14:39]: 串口接收进程::正在中止线程。
LogTrace Warning: 0 :     [2017年7月14日23:14:39]: DeviceNet::正在中止线程。
LogTrace Warning: 0 :     [2017年7月14日23:57:33]: 接收超时，移除第一个重新开始判断。
LogTrace Warning: 0 :     [2017年7月15日0:00:12]: 接收累加和校验不正确，移除第一个重新判断。
LogTrace Warning: 0 :     [2017年7月15日0:01:47]: 接收累加和校验不正确，移除第一个重新判断。
LogTrace Warning: 0 :     [2017年7月15日0:01:47]: 接收累加和校验不正确，移除第一个重新判断。
LogTrace Warning: 0 :     [2017年7月15日0:01:47]: 接收累加和校验不正确，移除第一个重新判断。
LogTrace Warning: 0 :     [2017年7月15日0:05:09]: 串口接收进程::正在中止线程。
LogTrace Warning: 0 :     [2017年7月15日0:05:09]: DeviceNet::正在中止线程。
LogTrace Warning: 0 :     [2017年7月15日0:11:43]: 接收累加和校验不正确，移除第一个重新判断。
LogTrace Warning: 0 :     [2017年7月15日0:11:43]: 接收累加和校验不正确，移除第一个重新判断。
LogTrace Warning: 0 :     [2017年7月15日0:11:43]: 接收累加和校验不正确，移除第一个重新判断。
LogTrace Warning: 0 :     [2017年7月15日0:43:57]: 串口接收进程::正在中止线程。
LogTrace Warning: 0 :     [2017年7月15日0:43:58]: DeviceNet::正在中止线程。
LogTrace Warning: 0 :     [2017年7月15日0:45:20]: 串口接收进程::正在中止线程。
LogTrace Warning: 0 :     [2017年7月15日0:45:20]: DeviceNet::正在中止线程。
LogTrace Warning: 0 :     [2017年7月15日1:08:32]: 串口接收进程::正在中止线程。
LogTrace Warning: 0 :     [2017年7月15日1:08:33]: DeviceNet::正在中止线程。
LogTrace Warning: 0 :     [2017年7月15日1:10:09]: 串口接收进程::正在中止线程。
LogTrace Warning: 0 :     [2017年7月15日1:10:09]: DeviceNet::正在中止线程。
LogTrace Warning: 0 :     [2017年7月15日1:27:50]: 串口接收进程::正在中止线程。
LogTrace Warning: 0 :     [2017年7月15日1:27:50]: DeviceNet::正在中止线程。
LogTrace Warning: 0 :     [2017年7月15日17:09:33]: 串口接收进程::正在中止线程。
LogTrace Warning: 0 :     [2017年7月15日17:09:33]: DeviceNet::正在中止线程。
